Program Internal Form implemented on a singly linked list
Program Internal Form

let <-> (-1, -1)
identifier <-> (3, 0)
: <-> (-1, -1)
integer <-> (-1, -1)
[ <-> (-1, -1)
] <-> (-1, -1)
, <-> (-1, -1)
identifier <-> (16, 0)
: <-> (-1, -1)
integer <-> (-1, -1)
, <-> (-1, -1)
identifier <-> (11, 0)
: <-> (-1, -1)
integer <-> (-1, -1)
, <-> (-1, -1)
identifier <-> (26, 0)
: <-> (-1, -1)
integer <-> (-1, -1)
, <-> (-1, -1)
identifier <-> (18, 0)
: <-> (-1, -1)
integer <-> (-1, -1)
; <-> (-1, -1)
write <-> (-1, -1)
( <-> (-1, -1)
constant <-> (24, 0)
) <-> (-1, -1)
; <-> (-1, -1)
read <-> (-1, -1)
( <-> (-1, -1)
identifier <-> (16, 0)
) <-> (-1, -1)
; <-> (-1, -1)
write <-> (-1, -1)
( <-> (-1, -1)
constant <-> (36, 0)
) <-> (-1, -1)
; <-> (-1, -1)
for <-> (-1, -1)
identifier <-> (11, 0)
= <-> (-1, -1)
constant <-> (1, 0)
, <-> (-1, -1)
identifier <-> (11, 0)
< <-> (-1, -1)
identifier <-> (16, 0)
, <-> (-1, -1)
identifier <-> (11, 0)
++ <-> (-1, -1)
do <-> (-1, -1)
begin <-> (-1, -1)
read <-> (-1, -1)
( <-> (-1, -1)
identifier <-> (3, 0)
[ <-> (-1, -1)
identifier <-> (11, 0)
] <-> (-1, -1)
) <-> (-1, -1)
; <-> (-1, -1)
end <-> (-1, -1)
identifier <-> (26, 0)
= <-> (-1, -1)
identifier <-> (3, 0)
[ <-> (-1, -1)
constant <-> (1, 0)
] <-> (-1, -1)
; <-> (-1, -1)
identifier <-> (18, 0)
= <-> (-1, -1)
identifier <-> (3, 0)
[ <-> (-1, -1)
constant <-> (1, 0)
] <-> (-1, -1)
; <-> (-1, -1)
for <-> (-1, -1)
identifier <-> (11, 0)
= <-> (-1, -1)
constant <-> (2, 0)
, <-> (-1, -1)
identifier <-> (11, 0)
< <-> (-1, -1)
identifier <-> (16, 0)
, <-> (-1, -1)
identifier <-> (11, 0)
++ <-> (-1, -1)
do <-> (-1, -1)
begin <-> (-1, -1)
if <-> (-1, -1)
identifier <-> (3, 0)
[ <-> (-1, -1)
identifier <-> (11, 0)
] <-> (-1, -1)
< <-> (-1, -1)
identifier <-> (26, 0)
then <-> (-1, -1)
begin <-> (-1, -1)
identifier <-> (26, 0)
= <-> (-1, -1)
identifier <-> (3, 0)
[ <-> (-1, -1)
identifier <-> (11, 0)
] <-> (-1, -1)
; <-> (-1, -1)
end <-> (-1, -1)
if <-> (-1, -1)
identifier <-> (3, 0)
[ <-> (-1, -1)
identifier <-> (11, 0)
] <-> (-1, -1)
> <-> (-1, -1)
identifier <-> (18, 0)
then <-> (-1, -1)
begin <-> (-1, -1)
identifier <-> (18, 0)
= <-> (-1, -1)
identifier <-> (3, 0)
[ <-> (-1, -1)
identifier <-> (11, 0)
] <-> (-1, -1)
; <-> (-1, -1)
end <-> (-1, -1)
end <-> (-1, -1)
write <-> (-1, -1)
( <-> (-1, -1)
constant <-> (22, 0)
, <-> (-1, -1)
identifier <-> (26, 0)
) <-> (-1, -1)
; <-> (-1, -1)
write <-> (-1, -1)
( <-> (-1, -1)
constant <-> (24, 1)
, <-> (-1, -1)
identifier <-> (18, 0)
) <-> (-1, -1)
; <-> (-1, -1)
