The Program Internal Form is implemented on a singly linked list with dynamic allocation

Program Internal Form

let <-> (-1, -1)
identifier <-> (3, 0)
: <-> (-1, -1)
integer <-> (-1, -1)
, <-> (-1, -1)
identifier <-> (4, 0)
: <-> (-1, -1)
integer <-> (-1, -1)
, <-> (-1, -1)
identifier <-> (20, 0)
: <-> (-1, -1)
integer <-> (-1, -1)
; <-> (-1, -1)
write <-> (-1, -1)
( <-> (-1, -1)
constant <-> (39, 0)
) <-> (-1, -1)
; <-> (-1, -1)
read <-> (-1, -1)
( <-> (-1, -1)
identifier <-> (3, 0)
) <-> (-1, -1)
; <-> (-1, -1)
read <-> (-1, -1)
( <-> (-1, -1)
identifier <-> (4, 0)
) <-> (-1, -1)
; <-> (-1, -1)
while <-> (-1, -1)
identifier <-> (4, 0)
is <-> (-1, -1)
not <-> (-1, -1)
constant <-> (1, 0)
do <-> (-1, -1)
begin <-> (-1, -1)
identifier <-> (20, 0)
= <-> (-1, -1)
identifier <-> (3, 0)
% <-> (-1, -1)
identifier <-> (4, 0)
; <-> (-1, -1)
identifier <-> (3, 0)
= <-> (-1, -1)
identifier <-> (4, 0)
; <-> (-1, -1)
identifier <-> (4, 0)
= <-> (-1, -1)
identifier <-> (20, 0)
; <-> (-1, -1)
end <-> (-1, -1)
write <-> (-1, -1)
( <-> (-1, -1)
constant <-> (32, 0)
, <-> (-1, -1)
identifier <-> (3, 0)
) <-> (-1, -1)
; <-> (-1, -1)
